
*** Running vivado
    with args -log PUF.vdi -applog -m64 -product Vivado -messageDb vivado.pb -mode batch -source PUF.tcl -notrace



****** Vivado v2021.1 (64-bit)
  **** SW Build 3247384 on Thu Jun 10 19:36:33 MDT 2021
  **** IP Build 3246043 on Fri Jun 11 00:30:35 MDT 2021
    ** Copyright 1986-2021 Xilinx, Inc. All Rights Reserved.

source PUF.tcl -notrace
Command: link_design -top PUF -part xc7z010clg400-1
Design is defaulting to srcset: sources_1
Design is defaulting to constrset: constrs_1
INFO: [Device 21-403] Loading part xc7z010clg400-1
Netlist sorting complete. Time (s): cpu = 00:00:00 ; elapsed = 00:00:00.001 . Memory (MB): peak = 1125.355 ; gain = 0.000
INFO: [Netlist 29-17] Analyzing 20 Unisim elements for replacement
INFO: [Netlist 29-28] Unisim Transformation completed in 0 CPU seconds
INFO: [Project 1-479] Netlist was created with Vivado 2021.1
INFO: [Project 1-570] Preparing netlist for logic optimization
Parsing XDC File [C:/Users/keyur/Documents/Vivado/PUF/PUF.srcs/constrs_1/new/Zybo-Z7-Master.xdc]
Finished Parsing XDC File [C:/Users/keyur/Documents/Vivado/PUF/PUF.srcs/constrs_1/new/Zybo-Z7-Master.xdc]
INFO: [Opt 31-138] Pushed 0 inverter(s) to 0 load pin(s).
Netlist sorting complete. Time (s): cpu = 00:00:00 ; elapsed = 00:00:00 . Memory (MB): peak = 1125.355 ; gain = 0.000
INFO: [Project 1-111] Unisim Transformation Summary:
No Unisim elements were transformed.

7 Infos, 0 Warnings, 0 Critical Warnings and 0 Errors encountered.
link_design completed successfully
Command: opt_design
Attempting to get a license for feature 'Implementation' and/or device 'xc7z010'
INFO: [Common 17-349] Got license for feature 'Implementation' and/or device 'xc7z010'
Running DRC as a precondition to command opt_design

Starting DRC Task
INFO: [DRC 23-27] Running DRC with 2 threads
INFO: [Project 1-461] DRC finished with 0 Errors
INFO: [Project 1-462] Please refer to the DRC report (report_drc) for more information.

Time (s): cpu = 00:00:01 ; elapsed = 00:00:00.556 . Memory (MB): peak = 1125.355 ; gain = 0.000

Starting Cache Timing Information Task
INFO: [Timing 38-35] Done setting XDC timing constraints.
Ending Cache Timing Information Task | Checksum: 1ee19162d

Time (s): cpu = 00:00:04 ; elapsed = 00:00:04 . Memory (MB): peak = 1368.145 ; gain = 242.789

Starting Logic Optimization Task

Phase 1 Retarget
INFO: [Opt 31-138] Pushed 0 inverter(s) to 0 load pin(s).
INFO: [Opt 31-49] Retargeted 0 cell(s).
Phase 1 Retarget | Checksum: 1ee19162d

Time (s): cpu = 00:00:00 ; elapsed = 00:00:00.014 . Memory (MB): peak = 1579.379 ; gain = 0.000
INFO: [Opt 31-389] Phase Retarget created 0 cells and removed 0 cells
INFO: [Opt 31-1021] In phase Retarget, 129 netlist objects are constrained preventing optimization. Please run opt_design with -debug_log to get more detail. 

Phase 2 Constant propagation
INFO: [Opt 31-138] Pushed 0 inverter(s) to 0 load pin(s).
Phase 2 Constant propagation | Checksum: 1ee19162d

Time (s): cpu = 00:00:00 ; elapsed = 00:00:00.017 . Memory (MB): peak = 1579.379 ; gain = 0.000
INFO: [Opt 31-389] Phase Constant propagation created 0 cells and removed 0 cells

Phase 3 Sweep
Phase 3 Sweep | Checksum: 1302a2999

Time (s): cpu = 00:00:00 ; elapsed = 00:00:00.022 . Memory (MB): peak = 1579.379 ; gain = 0.000
INFO: [Opt 31-389] Phase Sweep created 0 cells and removed 0 cells
INFO: [Opt 31-1021] In phase Sweep, 242 netlist objects are constrained preventing optimization. Please run opt_design with -debug_log to get more detail. 

Phase 4 BUFG optimization
Phase 4 BUFG optimization | Checksum: 1302a2999

Time (s): cpu = 00:00:00 ; elapsed = 00:00:00.027 . Memory (MB): peak = 1579.379 ; gain = 0.000
INFO: [Opt 31-662] Phase BUFG optimization created 0 cells of which 0 are BUFGs and removed 0 cells.

Phase 5 Shift Register Optimization
INFO: [Opt 31-1064] SRL Remap converted 0 SRLs to 0 registers and converted 0 registers of register chains to 0 SRLs
Phase 5 Shift Register Optimization | Checksum: 1302a2999

Time (s): cpu = 00:00:00 ; elapsed = 00:00:00.029 . Memory (MB): peak = 1579.379 ; gain = 0.000
INFO: [Opt 31-389] Phase Shift Register Optimization created 0 cells and removed 0 cells

Phase 6 Post Processing Netlist
Phase 6 Post Processing Netlist | Checksum: 1302a2999

Time (s): cpu = 00:00:00 ; elapsed = 00:00:00.030 . Memory (MB): peak = 1579.379 ; gain = 0.000
INFO: [Opt 31-389] Phase Post Processing Netlist created 0 cells and removed 0 cells
Opt_design Change Summary
=========================


-------------------------------------------------------------------------------------------------------------------------
|  Phase                        |  #Cells created  |  #Cells Removed  |  #Constrained objects preventing optimizations  |
-------------------------------------------------------------------------------------------------------------------------
|  Retarget                     |               0  |               0  |                                            129  |
|  Constant propagation         |               0  |               0  |                                              0  |
|  Sweep                        |               0  |               0  |                                            242  |
|  BUFG optimization            |               0  |               0  |                                              0  |
|  Shift Register Optimization  |               0  |               0  |                                              0  |
|  Post Processing Netlist      |               0  |               0  |                                              0  |
-------------------------------------------------------------------------------------------------------------------------



Starting Connectivity Check Task

Time (s): cpu = 00:00:00 ; elapsed = 00:00:00 . Memory (MB): peak = 1579.379 ; gain = 0.000
Ending Logic Optimization Task | Checksum: 28c3b6ec9

Time (s): cpu = 00:00:00 ; elapsed = 00:00:00.038 . Memory (MB): peak = 1579.379 ; gain = 0.000

Starting Power Optimization Task
INFO: [Pwropt 34-132] Skipping clock gating for clocks with a period < 2.00 ns.
Ending Power Optimization Task | Checksum: 28c3b6ec9

Time (s): cpu = 00:00:00 ; elapsed = 00:00:00.007 . Memory (MB): peak = 1579.379 ; gain = 0.000

Starting Final Cleanup Task
Ending Final Cleanup Task | Checksum: 28c3b6ec9

Time (s): cpu = 00:00:00 ; elapsed = 00:00:00 . Memory (MB): peak = 1579.379 ; gain = 0.000

Starting Netlist Obfuscation Task
Netlist sorting complete. Time (s): cpu = 00:00:00 ; elapsed = 00:00:00 . Memory (MB): peak = 1579.379 ; gain = 0.000
Ending Netlist Obfuscation Task | Checksum: 28c3b6ec9

Time (s): cpu = 00:00:00 ; elapsed = 00:00:00 . Memory (MB): peak = 1579.379 ; gain = 0.000
INFO: [Common 17-83] Releasing license: Implementation
26 Infos, 0 Warnings, 0 Critical Warnings and 0 Errors encountered.
opt_design completed successfully
opt_design: Time (s): cpu = 00:00:06 ; elapsed = 00:00:06 . Memory (MB): peak = 1579.379 ; gain = 454.023
INFO: [Timing 38-480] Writing timing data to binary archive.
Writing placer database...
Writing XDEF routing.
Writing XDEF routing logical nets.
Writing XDEF routing special nets.
Write XDEF Complete: Time (s): cpu = 00:00:00 ; elapsed = 00:00:00.026 . Memory (MB): peak = 1579.379 ; gain = 0.000
INFO: [Common 17-1381] The checkpoint 'C:/Users/keyur/Documents/Vivado/PUF/PUF.runs/impl_1/PUF_opt.dcp' has been generated.
INFO: [runtcl-4] Executing : report_drc -file PUF_drc_opted.rpt -pb PUF_drc_opted.pb -rpx PUF_drc_opted.rpx
Command: report_drc -file PUF_drc_opted.rpt -pb PUF_drc_opted.pb -rpx PUF_drc_opted.rpx
INFO: [IP_Flow 19-234] Refreshing IP repositories
INFO: [IP_Flow 19-1704] No user IP repositories specified
INFO: [IP_Flow 19-2313] Loaded Vivado IP repository 'C:/Xilinx/Vivado/2021.1/data/ip'.
INFO: [Timing 38-35] Done setting XDC timing constraints.
INFO: [DRC 23-27] Running DRC with 2 threads
INFO: [Vivado_Tcl 2-168] The results of DRC are in file C:/Users/keyur/Documents/Vivado/PUF/PUF.runs/impl_1/PUF_drc_opted.rpt.
report_drc completed successfully
Command: place_design
Attempting to get a license for feature 'Implementation' and/or device 'xc7z010'
INFO: [Common 17-349] Got license for feature 'Implementation' and/or device 'xc7z010'
INFO: [DRC 23-27] Running DRC with 2 threads
INFO: [Vivado_Tcl 4-198] DRC finished with 0 Errors
INFO: [Vivado_Tcl 4-199] Please refer to the DRC report (report_drc) for more information.
Running DRC as a precondition to command place_design
INFO: [DRC 23-27] Running DRC with 2 threads
WARNING: [DRC LUTLP-2] Combinatorial Loop Allowed: 8 LUT cells form a combinatorial loop. This can create a race condition. Timing analysis may not be accurate. The preferred resolution is to modify the design to remove combinatorial logic loops. This loop has been identified in the constraints as being known and understood by use of the ALLOW_COMBINATORIAL_LOOPS property on a net in the loop. The cells in the loop are: RO1/w1_inferred_i_1, RO1/w2_inferred_i_1, RO1/w3_inferred_i_1, RO1/w4_inferred_i_1, RO1/w5_inferred_i_1, RO1/w6_inferred_i_1, RO1/w7_inferred_i_1, and RO1/w8_inferred_i_1.
WARNING: [DRC LUTLP-2] Combinatorial Loop Allowed: 8 LUT cells form a combinatorial loop. This can create a race condition. Timing analysis may not be accurate. The preferred resolution is to modify the design to remove combinatorial logic loops. This loop has been identified in the constraints as being known and understood by use of the ALLOW_COMBINATORIAL_LOOPS property on a net in the loop. The cells in the loop are: RO2/w1_inferred_i_1, RO2/w2_inferred_i_1, RO2/w3_inferred_i_1, RO2/w4_inferred_i_1, RO2/w5_inferred_i_1, RO2/w6_inferred_i_1, RO2/w7_inferred_i_1, and RO2/w8_inferred_i_1.
WARNING: [DRC LUTLP-2] Combinatorial Loop Allowed: 8 LUT cells form a combinatorial loop. This can create a race condition. Timing analysis may not be accurate. The preferred resolution is to modify the design to remove combinatorial logic loops. This loop has been identified in the constraints as being known and understood by use of the ALLOW_COMBINATORIAL_LOOPS property on a net in the loop. The cells in the loop are: RO3/w1_inferred_i_1, RO3/w2_inferred_i_1, RO3/w3_inferred_i_1, RO3/w4_inferred_i_1, RO3/w5_inferred_i_1, RO3/w6_inferred_i_1, RO3/w7_inferred_i_1, and RO3/w8_inferred_i_1.
WARNING: [DRC LUTLP-2] Combinatorial Loop Allowed: 8 LUT cells form a combinatorial loop. This can create a race condition. Timing analysis may not be accurate. The preferred resolution is to modify the design to remove combinatorial logic loops. This loop has been identified in the constraints as being known and understood by use of the ALLOW_COMBINATORIAL_LOOPS property on a net in the loop. The cells in the loop are: RO4/w1_inferred_i_1, RO4/w2_inferred_i_1, RO4/w3_inferred_i_1, RO4/w4_inferred_i_1, RO4/w5_inferred_i_1, RO4/w6_inferred_i_1, RO4/w7_inferred_i_1, and RO4/w8_inferred_i_1.
WARNING: [DRC LUTLP-2] Combinatorial Loop Allowed: 8 LUT cells form a combinatorial loop. This can create a race condition. Timing analysis may not be accurate. The preferred resolution is to modify the design to remove combinatorial logic loops. This loop has been identified in the constraints as being known and understood by use of the ALLOW_COMBINATORIAL_LOOPS property on a net in the loop. The cells in the loop are: RO5/w1_inferred_i_1, RO5/w2_inferred_i_1, RO5/w3_inferred_i_1, RO5/w4_inferred_i_1, RO5/w5_inferred_i_1, RO5/w6_inferred_i_1, RO5/w7_inferred_i_1, and RO5/w8_inferred_i_1.
WARNING: [DRC LUTLP-2] Combinatorial Loop Allowed: 8 LUT cells form a combinatorial loop. This can create a race condition. Timing analysis may not be accurate. The preferred resolution is to modify the design to remove combinatorial logic loops. This loop has been identified in the constraints as being known and understood by use of the ALLOW_COMBINATORIAL_LOOPS property on a net in the loop. The cells in the loop are: RO6/w1_inferred_i_1, RO6/w2_inferred_i_1, RO6/w3_inferred_i_1, RO6/w4_inferred_i_1, RO6/w5_inferred_i_1, RO6/w6_inferred_i_1, RO6/w7_inferred_i_1, and RO6/w8_inferred_i_1.
WARNING: [DRC LUTLP-2] Combinatorial Loop Allowed: 8 LUT cells form a combinatorial loop. This can create a race condition. Timing analysis may not be accurate. The preferred resolution is to modify the design to remove combinatorial logic loops. This loop has been identified in the constraints as being known and understood by use of the ALLOW_COMBINATORIAL_LOOPS property on a net in the loop. The cells in the loop are: RO7/w1_inferred_i_1, RO7/w2_inferred_i_1, RO7/w3_inferred_i_1, RO7/w4_inferred_i_1, RO7/w5_inferred_i_1, RO7/w6_inferred_i_1, RO7/w7_inferred_i_1, and RO7/w8_inferred_i_1.
WARNING: [DRC LUTLP-2] Combinatorial Loop Allowed: 8 LUT cells form a combinatorial loop. This can create a race condition. Timing analysis may not be accurate. The preferred resolution is to modify the design to remove combinatorial logic loops. This loop has been identified in the constraints as being known and understood by use of the ALLOW_COMBINATORIAL_LOOPS property on a net in the loop. The cells in the loop are: RO8/w1_inferred_i_1, RO8/w2_inferred_i_1, RO8/w3_inferred_i_1, RO8/w4_inferred_i_1, RO8/w5_inferred_i_1, RO8/w6_inferred_i_1, RO8/w7_inferred_i_1, and RO8/w8_inferred_i_1.
INFO: [Vivado_Tcl 4-198] DRC finished with 0 Errors, 8 Warnings
INFO: [Vivado_Tcl 4-199] Please refer to the DRC report (report_drc) for more information.

Starting Placer Task
INFO: [Place 30-611] Multithreading enabled for place_design using a maximum of 2 CPUs

Phase 1 Placer Initialization

Phase 1.1 Placer Initialization Netlist Sorting
Netlist sorting complete. Time (s): cpu = 00:00:00 ; elapsed = 00:00:00 . Memory (MB): peak = 1636.559 ; gain = 0.000
Phase 1.1 Placer Initialization Netlist Sorting | Checksum: 1d50604a7

Time (s): cpu = 00:00:00 ; elapsed = 00:00:00.006 . Memory (MB): peak = 1636.559 ; gain = 0.000
Netlist sorting complete. Time (s): cpu = 00:00:00 ; elapsed = 00:00:00 . Memory (MB): peak = 1636.559 ; gain = 0.000

Phase 1.2 IO Placement/ Clock Placement/ Build Placer Device
Phase 1.2 IO Placement/ Clock Placement/ Build Placer Device | Checksum: 131d92aea

Time (s): cpu = 00:00:00 ; elapsed = 00:00:00.074 . Memory (MB): peak = 1636.559 ; gain = 0.000

Phase 1.3 Build Placer Netlist Model
Phase 1.3 Build Placer Netlist Model | Checksum: 1e552ca70

Time (s): cpu = 00:00:00 ; elapsed = 00:00:00.144 . Memory (MB): peak = 1636.559 ; gain = 0.000

Phase 1.4 Constrain Clocks/Macros
Phase 1.4 Constrain Clocks/Macros | Checksum: 1e552ca70

Time (s): cpu = 00:00:00 ; elapsed = 00:00:00.146 . Memory (MB): peak = 1636.559 ; gain = 0.000
Phase 1 Placer Initialization | Checksum: 1e552ca70

Time (s): cpu = 00:00:00 ; elapsed = 00:00:00.149 . Memory (MB): peak = 1636.559 ; gain = 0.000

Phase 2 Global Placement

Phase 2.1 Floorplanning
Phase 2.1 Floorplanning | Checksum: 1fca4a7f3

Time (s): cpu = 00:00:00 ; elapsed = 00:00:00.196 . Memory (MB): peak = 1636.559 ; gain = 0.000

Phase 2.2 Update Timing before SLR Path Opt
Phase 2.2 Update Timing before SLR Path Opt | Checksum: 15550d042

Time (s): cpu = 00:00:00 ; elapsed = 00:00:00.219 . Memory (MB): peak = 1636.559 ; gain = 0.000

Phase 2.3 Post-Processing in Floorplanning
Phase 2.3 Post-Processing in Floorplanning | Checksum: 15550d042

Time (s): cpu = 00:00:00 ; elapsed = 00:00:00.220 . Memory (MB): peak = 1636.559 ; gain = 0.000

Phase 2.4 Global Placement Core

Phase 2.4.1 Physical Synthesis In Placer
INFO: [Physopt 32-1035] Found 0 LUTNM shape to break, 4 LUT instances to create LUTNM shape
INFO: [Physopt 32-1044] Break lutnm for timing: one critical 0, two critical 0, total 0, new lutff created 0
INFO: [Physopt 32-1138] End 1 Pass. Optimized 2 nets or LUTs. Breaked 0 LUT, combined 2 existing LUTs and moved 0 existing LUT
INFO: [Physopt 32-65] No nets found for high-fanout optimization.
INFO: [Physopt 32-232] Optimized 0 net. Created 0 new instance.
INFO: [Physopt 32-775] End 1 Pass. Optimized 0 net or cell. Created 0 new cell, deleted 0 existing cell and moved 0 existing cell
INFO: [Physopt 32-670] No setup violation found.  DSP Register Optimization was not performed.
INFO: [Physopt 32-670] No setup violation found.  Shift Register to Pipeline Optimization was not performed.
INFO: [Physopt 32-670] No setup violation found.  Shift Register Optimization was not performed.
INFO: [Physopt 32-670] No setup violation found.  BRAM Register Optimization was not performed.
INFO: [Physopt 32-670] No setup violation found.  URAM Register Optimization was not performed.
INFO: [Physopt 32-949] No candidate nets found for dynamic/static region interface net replication
INFO: [Physopt 32-775] End 1 Pass. Optimized 0 net or cell. Created 0 new cell, deleted 0 existing cell and moved 0 existing cell
Netlist sorting complete. Time (s): cpu = 00:00:00 ; elapsed = 00:00:00 . Memory (MB): peak = 1636.559 ; gain = 0.000

Summary of Physical Synthesis Optimizations
============================================


-----------------------------------------------------------------------------------------------------------------------------------------------------------
|  Optimization                                     |  Added Cells  |  Removed Cells  |  Optimized Cells/Nets  |  Dont Touch  |  Iterations  |  Elapsed   |
-----------------------------------------------------------------------------------------------------------------------------------------------------------
|  LUT Combining                                    |            0  |              2  |                     2  |           0  |           1  |  00:00:00  |
|  Retime                                           |            0  |              0  |                     0  |           0  |           1  |  00:00:00  |
|  Very High Fanout                                 |            0  |              0  |                     0  |           0  |           1  |  00:00:00  |
|  DSP Register                                     |            0  |              0  |                     0  |           0  |           0  |  00:00:00  |
|  Shift Register to Pipeline                       |            0  |              0  |                     0  |           0  |           0  |  00:00:00  |
|  Shift Register                                   |            0  |              0  |                     0  |           0  |           0  |  00:00:00  |
|  BRAM Register                                    |            0  |              0  |                     0  |           0  |           0  |  00:00:00  |
|  URAM Register                                    |            0  |              0  |                     0  |           0  |           0  |  00:00:00  |
|  Dynamic/Static Region Interface Net Replication  |            0  |              0  |                     0  |           0  |           1  |  00:00:00  |
|  Total                                            |            0  |              2  |                     2  |           0  |           4  |  00:00:00  |
-----------------------------------------------------------------------------------------------------------------------------------------------------------


Phase 2.4.1 Physical Synthesis In Placer | Checksum: 1a61e17ec

Time (s): cpu = 00:00:00 ; elapsed = 00:00:00.521 . Memory (MB): peak = 1636.559 ; gain = 0.000
Phase 2.4 Global Placement Core | Checksum: eb0c6206

Time (s): cpu = 00:00:00 ; elapsed = 00:00:00.531 . Memory (MB): peak = 1636.559 ; gain = 0.000
Phase 2 Global Placement | Checksum: eb0c6206

Time (s): cpu = 00:00:00 ; elapsed = 00:00:00.532 . Memory (MB): peak = 1636.559 ; gain = 0.000

Phase 3 Detail Placement

Phase 3.1 Commit Multi Column Macros
Phase 3.1 Commit Multi Column Macros | Checksum: 1685ab713

Time (s): cpu = 00:00:00 ; elapsed = 00:00:00.554 . Memory (MB): peak = 1636.559 ; gain = 0.000

Phase 3.2 Commit Most Macros & LUTRAMs
Phase 3.2 Commit Most Macros & LUTRAMs | Checksum: 11ee331ff

Time (s): cpu = 00:00:01 ; elapsed = 00:00:00.592 . Memory (MB): peak = 1636.559 ; gain = 0.000

Phase 3.3 Area Swap Optimization
Phase 3.3 Area Swap Optimization | Checksum: 11d5a4f8d

Time (s): cpu = 00:00:01 ; elapsed = 00:00:00.595 . Memory (MB): peak = 1636.559 ; gain = 0.000

Phase 3.4 Pipeline Register Optimization
Phase 3.4 Pipeline Register Optimization | Checksum: ed889248

Time (s): cpu = 00:00:01 ; elapsed = 00:00:00.595 . Memory (MB): peak = 1636.559 ; gain = 0.000

Phase 3.5 Small Shape Detail Placement
Phase 3.5 Small Shape Detail Placement | Checksum: 1987f6f2a

Time (s): cpu = 00:00:01 ; elapsed = 00:00:00.637 . Memory (MB): peak = 1636.559 ; gain = 0.000

Phase 3.6 Re-assign LUT pins
Phase 3.6 Re-assign LUT pins | Checksum: 16d1c76c2

Time (s): cpu = 00:00:01 ; elapsed = 00:00:00.643 . Memory (MB): peak = 1636.559 ; gain = 0.000

Phase 3.7 Pipeline Register Optimization
Phase 3.7 Pipeline Register Optimization | Checksum: 14beb3589

Time (s): cpu = 00:00:01 ; elapsed = 00:00:00.644 . Memory (MB): peak = 1636.559 ; gain = 0.000
Phase 3 Detail Placement | Checksum: 14beb3589

Time (s): cpu = 00:00:01 ; elapsed = 00:00:00.645 . Memory (MB): peak = 1636.559 ; gain = 0.000

Phase 4 Post Placement Optimization and Clean-Up

Phase 4.1 Post Commit Optimization
INFO: [Timing 38-35] Done setting XDC timing constraints.

Phase 4.1.1 Post Placement Optimization
Post Placement Optimization Initialization | Checksum: 8fa44e84

Phase 4.1.1.1 BUFG Insertion

Starting Physical Synthesis Task

Phase 1 Physical Synthesis Initialization
INFO: [Physopt 32-721] Multithreading enabled for phys_opt_design using a maximum of 2 CPUs
INFO: [Physopt 32-619] Estimated Timing Summary | WNS=3.187 | TNS=0.000 |
Phase 1 Physical Synthesis Initialization | Checksum: d9429da3

Time (s): cpu = 00:00:00 ; elapsed = 00:00:00.007 . Memory (MB): peak = 1636.559 ; gain = 0.000
INFO: [Place 46-56] BUFG insertion identified 0 candidate nets. Inserted BUFG: 0, Replicated BUFG Driver: 0, Skipped due to Placement/Routing Conflicts: 0, Skipped due to Timing Degradation: 0, Skipped due to Illegal Netlist: 0.
Ending Physical Synthesis Task | Checksum: 13bbd2c24

Time (s): cpu = 00:00:00 ; elapsed = 00:00:00.008 . Memory (MB): peak = 1636.559 ; gain = 0.000
Phase 4.1.1.1 BUFG Insertion | Checksum: 8fa44e84

Time (s): cpu = 00:00:01 ; elapsed = 00:00:00.683 . Memory (MB): peak = 1636.559 ; gain = 0.000

Phase 4.1.1.2 Post Placement Timing Optimization
INFO: [Place 30-746] Post Placement Timing Summary WNS=3.187. For the most accurate timing information please run report_timing.
Phase 4.1.1.2 Post Placement Timing Optimization | Checksum: 906fb29f

Time (s): cpu = 00:00:01 ; elapsed = 00:00:00.685 . Memory (MB): peak = 1636.559 ; gain = 0.000

Time (s): cpu = 00:00:01 ; elapsed = 00:00:00.685 . Memory (MB): peak = 1636.559 ; gain = 0.000
Phase 4.1 Post Commit Optimization | Checksum: 906fb29f

Time (s): cpu = 00:00:01 ; elapsed = 00:00:00.686 . Memory (MB): peak = 1636.559 ; gain = 0.000

Phase 4.2 Post Placement Cleanup
Phase 4.2 Post Placement Cleanup | Checksum: 906fb29f

Time (s): cpu = 00:00:01 ; elapsed = 00:00:00.687 . Memory (MB): peak = 1636.559 ; gain = 0.000

Phase 4.3 Placer Reporting

Phase 4.3.1 Print Estimated Congestion
INFO: [Place 30-612] Post-Placement Estimated Congestion 
 ____________________________________________________
|           | Global Congestion | Short Congestion  |
| Direction | Region Size       | Region Size       |
|___________|___________________|___________________|
|      North|                1x1|                1x1|
|___________|___________________|___________________|
|      South|                1x1|                1x1|
|___________|___________________|___________________|
|       East|                1x1|                1x1|
|___________|___________________|___________________|
|       West|                1x1|                1x1|
|___________|___________________|___________________|

Phase 4.3.1 Print Estimated Congestion | Checksum: 906fb29f

Time (s): cpu = 00:00:01 ; elapsed = 00:00:00.688 . Memory (MB): peak = 1636.559 ; gain = 0.000
Phase 4.3 Placer Reporting | Checksum: 906fb29f

Time (s): cpu = 00:00:01 ; elapsed = 00:00:00.688 . Memory (MB): peak = 1636.559 ; gain = 0.000

Phase 4.4 Final Placement Cleanup
Netlist sorting complete. Time (s): cpu = 00:00:00 ; elapsed = 00:00:00 . Memory (MB): peak = 1636.559 ; gain = 0.000

Time (s): cpu = 00:00:01 ; elapsed = 00:00:00.690 . Memory (MB): peak = 1636.559 ; gain = 0.000
Phase 4 Post Placement Optimization and Clean-Up | Checksum: 15d9a80cf

Time (s): cpu = 00:00:01 ; elapsed = 00:00:00.690 . Memory (MB): peak = 1636.559 ; gain = 0.000
Ending Placer Task | Checksum: 151b29032

Time (s): cpu = 00:00:01 ; elapsed = 00:00:00.691 . Memory (MB): peak = 1636.559 ; gain = 0.000
INFO: [Common 17-83] Releasing license: Implementation
63 Infos, 8 Warnings, 0 Critical Warnings and 0 Errors encountered.
place_design completed successfully
INFO: [Timing 38-480] Writing timing data to binary archive.
Writing placer database...
Writing XDEF routing.
Writing XDEF routing logical nets.
Writing XDEF routing special nets.
Write XDEF Complete: Time (s): cpu = 00:00:00 ; elapsed = 00:00:00.031 . Memory (MB): peak = 1636.559 ; gain = 0.000
INFO: [Common 17-1381] The checkpoint 'C:/Users/keyur/Documents/Vivado/PUF/PUF.runs/impl_1/PUF_placed.dcp' has been generated.
INFO: [runtcl-4] Executing : report_io -file PUF_io_placed.rpt
report_io: Time (s): cpu = 00:00:00 ; elapsed = 00:00:00.021 . Memory (MB): peak = 1636.559 ; gain = 0.000
INFO: [runtcl-4] Executing : report_utilization -file PUF_utilization_placed.rpt -pb PUF_utilization_placed.pb
INFO: [runtcl-4] Executing : report_control_sets -verbose -file PUF_control_sets_placed.rpt
report_control_sets: Time (s): cpu = 00:00:00 ; elapsed = 00:00:00.001 . Memory (MB): peak = 1636.559 ; gain = 0.000
Command: phys_opt_design
Attempting to get a license for feature 'Implementation' and/or device 'xc7z010'
INFO: [Common 17-349] Got license for feature 'Implementation' and/or device 'xc7z010'
INFO: [Vivado_Tcl 4-383] Design worst setup slack (WNS) is greater than or equal to 0.000 ns. Skipping all physical synthesis optimizations.
INFO: [Vivado_Tcl 4-232] No setup violation found. The netlist was not modified.
INFO: [Common 17-83] Releasing license: Implementation
72 Infos, 8 Warnings, 0 Critical Warnings and 0 Errors encountered.
phys_opt_design completed successfully
INFO: [Timing 38-480] Writing timing data to binary archive.
Writing placer database...
Writing XDEF routing.
Writing XDEF routing logical nets.
Writing XDEF routing special nets.
Write XDEF Complete: Time (s): cpu = 00:00:00 ; elapsed = 00:00:00.031 . Memory (MB): peak = 1636.559 ; gain = 0.000
INFO: [Common 17-1381] The checkpoint 'C:/Users/keyur/Documents/Vivado/PUF/PUF.runs/impl_1/PUF_physopt.dcp' has been generated.
Command: route_design
Attempting to get a license for feature 'Implementation' and/or device 'xc7z010'
INFO: [Common 17-349] Got license for feature 'Implementation' and/or device 'xc7z010'
Running DRC as a precondition to command route_design
INFO: [DRC 23-27] Running DRC with 2 threads
WARNING: [DRC LUTLP-2] Combinatorial Loop Allowed: 8 LUT cells form a combinatorial loop. This can create a race condition. Timing analysis may not be accurate. The preferred resolution is to modify the design to remove combinatorial logic loops. This loop has been identified in the constraints as being known and understood by use of the ALLOW_COMBINATORIAL_LOOPS property on a net in the loop. The cells in the loop are: RO1/w1_inferred_i_1, RO1/w2_inferred_i_1, RO1/w3_inferred_i_1, RO1/w4_inferred_i_1, RO1/w5_inferred_i_1, RO1/w6_inferred_i_1, RO1/w7_inferred_i_1, and RO1/w8_inferred_i_1.
WARNING: [DRC LUTLP-2] Combinatorial Loop Allowed: 8 LUT cells form a combinatorial loop. This can create a race condition. Timing analysis may not be accurate. The preferred resolution is to modify the design to remove combinatorial logic loops. This loop has been identified in the constraints as being known and understood by use of the ALLOW_COMBINATORIAL_LOOPS property on a net in the loop. The cells in the loop are: RO2/w1_inferred_i_1, RO2/w2_inferred_i_1, RO2/w3_inferred_i_1, RO2/w4_inferred_i_1, RO2/w5_inferred_i_1, RO2/w6_inferred_i_1, RO2/w7_inferred_i_1, and RO2/w8_inferred_i_1.
WARNING: [DRC LUTLP-2] Combinatorial Loop Allowed: 8 LUT cells form a combinatorial loop. This can create a race condition. Timing analysis may not be accurate. The preferred resolution is to modify the design to remove combinatorial logic loops. This loop has been identified in the constraints as being known and understood by use of the ALLOW_COMBINATORIAL_LOOPS property on a net in the loop. The cells in the loop are: RO3/w1_inferred_i_1, RO3/w2_inferred_i_1, RO3/w3_inferred_i_1, RO3/w4_inferred_i_1, RO3/w5_inferred_i_1, RO3/w6_inferred_i_1, RO3/w7_inferred_i_1, and RO3/w8_inferred_i_1.
WARNING: [DRC LUTLP-2] Combinatorial Loop Allowed: 8 LUT cells form a combinatorial loop. This can create a race condition. Timing analysis may not be accurate. The preferred resolution is to modify the design to remove combinatorial logic loops. This loop has been identified in the constraints as being known and understood by use of the ALLOW_COMBINATORIAL_LOOPS property on a net in the loop. The cells in the loop are: RO4/w1_inferred_i_1, RO4/w2_inferred_i_1, RO4/w3_inferred_i_1, RO4/w4_inferred_i_1, RO4/w5_inferred_i_1, RO4/w6_inferred_i_1, RO4/w7_inferred_i_1, and RO4/w8_inferred_i_1.
WARNING: [DRC LUTLP-2] Combinatorial Loop Allowed: 8 LUT cells form a combinatorial loop. This can create a race condition. Timing analysis may not be accurate. The preferred resolution is to modify the design to remove combinatorial logic loops. This loop has been identified in the constraints as being known and understood by use of the ALLOW_COMBINATORIAL_LOOPS property on a net in the loop. The cells in the loop are: RO5/w1_inferred_i_1, RO5/w2_inferred_i_1, RO5/w3_inferred_i_1, RO5/w4_inferred_i_1, RO5/w5_inferred_i_1, RO5/w6_inferred_i_1, RO5/w7_inferred_i_1, and RO5/w8_inferred_i_1.
WARNING: [DRC LUTLP-2] Combinatorial Loop Allowed: 8 LUT cells form a combinatorial loop. This can create a race condition. Timing analysis may not be accurate. The preferred resolution is to modify the design to remove combinatorial logic loops. This loop has been identified in the constraints as being known and understood by use of the ALLOW_COMBINATORIAL_LOOPS property on a net in the loop. The cells in the loop are: RO6/w1_inferred_i_1, RO6/w2_inferred_i_1, RO6/w3_inferred_i_1, RO6/w4_inferred_i_1, RO6/w5_inferred_i_1, RO6/w6_inferred_i_1, RO6/w7_inferred_i_1, and RO6/w8_inferred_i_1.
WARNING: [DRC LUTLP-2] Combinatorial Loop Allowed: 8 LUT cells form a combinatorial loop. This can create a race condition. Timing analysis may not be accurate. The preferred resolution is to modify the design to remove combinatorial logic loops. This loop has been identified in the constraints as being known and understood by use of the ALLOW_COMBINATORIAL_LOOPS property on a net in the loop. The cells in the loop are: RO7/w1_inferred_i_1, RO7/w2_inferred_i_1, RO7/w3_inferred_i_1, RO7/w4_inferred_i_1, RO7/w5_inferred_i_1, RO7/w6_inferred_i_1, RO7/w7_inferred_i_1, and RO7/w8_inferred_i_1.
WARNING: [DRC LUTLP-2] Combinatorial Loop Allowed: 8 LUT cells form a combinatorial loop. This can create a race condition. Timing analysis may not be accurate. The preferred resolution is to modify the design to remove combinatorial logic loops. This loop has been identified in the constraints as being known and understood by use of the ALLOW_COMBINATORIAL_LOOPS property on a net in the loop. The cells in the loop are: RO8/w1_inferred_i_1, RO8/w2_inferred_i_1, RO8/w3_inferred_i_1, RO8/w4_inferred_i_1, RO8/w5_inferred_i_1, RO8/w6_inferred_i_1, RO8/w7_inferred_i_1, and RO8/w8_inferred_i_1.
INFO: [Vivado_Tcl 4-198] DRC finished with 0 Errors, 8 Warnings
INFO: [Vivado_Tcl 4-199] Please refer to the DRC report (report_drc) for more information.


Starting Routing Task
INFO: [Route 35-254] Multithreading enabled for route_design using a maximum of 2 CPUs
Checksum: PlaceDB: 6d971b03 ConstDB: 0 ShapeSum: e41b752f RouteDB: 0

Phase 1 Build RT Design
Phase 1 Build RT Design | Checksum: cacbd83a

Time (s): cpu = 00:00:06 ; elapsed = 00:00:06 . Memory (MB): peak = 1679.703 ; gain = 32.543
Post Restoration Checksum: NetGraph: eefb37b NumContArr: bbdc24bf Constraints: 0 Timing: 0

Phase 2 Router Initialization

Phase 2.1 Create Timer
Phase 2.1 Create Timer | Checksum: cacbd83a

Time (s): cpu = 00:00:06 ; elapsed = 00:00:06 . Memory (MB): peak = 1679.703 ; gain = 32.543

Phase 2.2 Fix Topology Constraints
Phase 2.2 Fix Topology Constraints | Checksum: cacbd83a

Time (s): cpu = 00:00:06 ; elapsed = 00:00:06 . Memory (MB): peak = 1685.699 ; gain = 38.539

Phase 2.3 Pre Route Cleanup
Phase 2.3 Pre Route Cleanup | Checksum: cacbd83a

Time (s): cpu = 00:00:06 ; elapsed = 00:00:06 . Memory (MB): peak = 1685.699 ; gain = 38.539
 Number of Nodes with overlaps = 0

Phase 2.4 Update Timing
Phase 2.4 Update Timing | Checksum: 8272309b

Time (s): cpu = 00:00:06 ; elapsed = 00:00:06 . Memory (MB): peak = 1689.359 ; gain = 42.199
INFO: [Route 35-416] Intermediate Timing Summary | WNS=3.156  | TNS=0.000  | WHS=-0.080 | THS=-1.154 |

Phase 2 Router Initialization | Checksum: 138c38212

Time (s): cpu = 00:00:07 ; elapsed = 00:00:06 . Memory (MB): peak = 1689.359 ; gain = 42.199

Router Utilization Summary
  Global Vertical Routing Utilization    = 0 %
  Global Horizontal Routing Utilization  = 0 %
  Routable Net Status*
  *Does not include unroutable nets such as driverless and loadless.
  Run report_route_status for detailed report.
  Number of Failed Nets               = 210
    (Failed Nets is the sum of unrouted and partially routed nets)
  Number of Unrouted Nets             = 210
  Number of Partially Routed Nets     = 0
  Number of Node Overlaps             = 0


Phase 3 Initial Routing

Phase 3.1 Global Routing
Phase 3.1 Global Routing | Checksum: 138c38212

Time (s): cpu = 00:00:07 ; elapsed = 00:00:06 . Memory (MB): peak = 1689.895 ; gain = 42.734
Phase 3 Initial Routing | Checksum: c104c965

Time (s): cpu = 00:00:07 ; elapsed = 00:00:06 . Memory (MB): peak = 1689.895 ; gain = 42.734

Phase 4 Rip-up And Reroute

Phase 4.1 Global Iteration 0
 Number of Nodes with overlaps = 1
 Number of Nodes with overlaps = 1
 Number of Nodes with overlaps = 1
 Number of Nodes with overlaps = 1
 Number of Nodes with overlaps = 0
INFO: [Route 35-416] Intermediate Timing Summary | WNS=2.906  | TNS=0.000  | WHS=N/A    | THS=N/A    |

Phase 4.1 Global Iteration 0 | Checksum: 16c7733ef

Time (s): cpu = 00:00:07 ; elapsed = 00:00:06 . Memory (MB): peak = 1689.895 ; gain = 42.734
Phase 4 Rip-up And Reroute | Checksum: 16c7733ef

Time (s): cpu = 00:00:07 ; elapsed = 00:00:06 . Memory (MB): peak = 1689.895 ; gain = 42.734

Phase 5 Delay and Skew Optimization

Phase 5.1 Delay CleanUp
Phase 5.1 Delay CleanUp | Checksum: 16c7733ef

Time (s): cpu = 00:00:07 ; elapsed = 00:00:06 . Memory (MB): peak = 1689.895 ; gain = 42.734

Phase 5.2 Clock Skew Optimization
Phase 5.2 Clock Skew Optimization | Checksum: 16c7733ef

Time (s): cpu = 00:00:07 ; elapsed = 00:00:06 . Memory (MB): peak = 1689.895 ; gain = 42.734
Phase 5 Delay and Skew Optimization | Checksum: 16c7733ef

Time (s): cpu = 00:00:07 ; elapsed = 00:00:06 . Memory (MB): peak = 1689.895 ; gain = 42.734

Phase 6 Post Hold Fix

Phase 6.1 Hold Fix Iter

Phase 6.1.1 Update Timing
Phase 6.1.1 Update Timing | Checksum: 1605dd9fc

Time (s): cpu = 00:00:07 ; elapsed = 00:00:06 . Memory (MB): peak = 1689.895 ; gain = 42.734
INFO: [Route 35-416] Intermediate Timing Summary | WNS=3.021  | TNS=0.000  | WHS=0.148  | THS=0.000  |

Phase 6.1 Hold Fix Iter | Checksum: 1605dd9fc

Time (s): cpu = 00:00:07 ; elapsed = 00:00:06 . Memory (MB): peak = 1689.895 ; gain = 42.734
Phase 6 Post Hold Fix | Checksum: 1605dd9fc

Time (s): cpu = 00:00:07 ; elapsed = 00:00:06 . Memory (MB): peak = 1689.895 ; gain = 42.734

Phase 7 Route finalize

Router Utilization Summary
  Global Vertical Routing Utilization    = 0.0599662 %
  Global Horizontal Routing Utilization  = 0.0349265 %
  Routable Net Status*
  *Does not include unroutable nets such as driverless and loadless.
  Run report_route_status for detailed report.
  Number of Failed Nets               = 0
    (Failed Nets is the sum of unrouted and partially routed nets)
  Number of Unrouted Nets             = 0
  Number of Partially Routed Nets     = 0
  Number of Node Overlaps             = 0

Phase 7 Route finalize | Checksum: 176d0d2ff

Time (s): cpu = 00:00:07 ; elapsed = 00:00:06 . Memory (MB): peak = 1689.895 ; gain = 42.734

Phase 8 Verifying routed nets

 Verification completed successfully
Phase 8 Verifying routed nets | Checksum: 176d0d2ff

Time (s): cpu = 00:00:07 ; elapsed = 00:00:06 . Memory (MB): peak = 1690.910 ; gain = 43.750

Phase 9 Depositing Routes
Phase 9 Depositing Routes | Checksum: 12b3ab1d6

Time (s): cpu = 00:00:07 ; elapsed = 00:00:06 . Memory (MB): peak = 1690.910 ; gain = 43.750

Phase 10 Post Router Timing
INFO: [Route 35-57] Estimated Timing Summary | WNS=3.021  | TNS=0.000  | WHS=0.148  | THS=0.000  |

INFO: [Route 35-327] The final timing numbers are based on the router estimated timing analysis. For a complete and accurate timing signoff, please run report_timing_summary.
Phase 10 Post Router Timing | Checksum: 12b3ab1d6

Time (s): cpu = 00:00:07 ; elapsed = 00:00:06 . Memory (MB): peak = 1690.910 ; gain = 43.750
INFO: [Route 35-16] Router Completed Successfully

Time (s): cpu = 00:00:07 ; elapsed = 00:00:06 . Memory (MB): peak = 1690.910 ; gain = 43.750

Routing Is Done.
INFO: [Common 17-83] Releasing license: Implementation
86 Infos, 16 Warnings, 0 Critical Warnings and 0 Errors encountered.
route_design completed successfully
route_design: Time (s): cpu = 00:00:08 ; elapsed = 00:00:07 . Memory (MB): peak = 1690.910 ; gain = 54.352
INFO: [Timing 38-480] Writing timing data to binary archive.
Writing placer database...
Writing XDEF routing.
Writing XDEF routing logical nets.
Writing XDEF routing special nets.
Write XDEF Complete: Time (s): cpu = 00:00:00 ; elapsed = 00:00:00.048 . Memory (MB): peak = 1700.789 ; gain = 9.879
INFO: [Common 17-1381] The checkpoint 'C:/Users/keyur/Documents/Vivado/PUF/PUF.runs/impl_1/PUF_routed.dcp' has been generated.
INFO: [runtcl-4] Executing : report_drc -file PUF_drc_routed.rpt -pb PUF_drc_routed.pb -rpx PUF_drc_routed.rpx
Command: report_drc -file PUF_drc_routed.rpt -pb PUF_drc_routed.pb -rpx PUF_drc_routed.rpx
INFO: [IP_Flow 19-1839] IP Catalog is up to date.
INFO: [DRC 23-27] Running DRC with 2 threads
INFO: [Vivado_Tcl 2-168] The results of DRC are in file C:/Users/keyur/Documents/Vivado/PUF/PUF.runs/impl_1/PUF_drc_routed.rpt.
report_drc completed successfully
INFO: [runtcl-4] Executing : report_methodology -file PUF_methodology_drc_routed.rpt -pb PUF_methodology_drc_routed.pb -rpx PUF_methodology_drc_routed.rpx
Command: report_methodology -file PUF_methodology_drc_routed.rpt -pb PUF_methodology_drc_routed.pb -rpx PUF_methodology_drc_routed.rpx
INFO: [Timing 38-35] Done setting XDC timing constraints.
INFO: [DRC 23-133] Running Methodology with 2 threads
INFO: [Vivado_Tcl 2-1520] The results of Report Methodology are in file C:/Users/keyur/Documents/Vivado/PUF/PUF.runs/impl_1/PUF_methodology_drc_routed.rpt.
report_methodology completed successfully
INFO: [runtcl-4] Executing : report_power -file PUF_power_routed.rpt -pb PUF_power_summary_routed.pb -rpx PUF_power_routed.rpx
Command: report_power -file PUF_power_routed.rpt -pb PUF_power_summary_routed.pb -rpx PUF_power_routed.rpx
INFO: [Timing 38-35] Done setting XDC timing constraints.
Running Vector-less Activity Propagation...

Finished Running Vector-less Activity Propagation
98 Infos, 16 Warnings, 0 Critical Warnings and 0 Errors encountered.
report_power completed successfully
INFO: [runtcl-4] Executing : report_route_status -file PUF_route_status.rpt -pb PUF_route_status.pb
INFO: [runtcl-4] Executing : report_timing_summary -max_paths 10 -file PUF_timing_summary_routed.rpt -pb PUF_timing_summary_routed.pb -rpx PUF_timing_summary_routed.rpx -warn_on_violation 
INFO: [Timing 38-91] UpdateTimingParams: Speed grade: -1, Delay Type: min_max.
INFO: [Timing 38-191] Multithreading enabled for timing update using a maximum of 2 CPUs
INFO: [runtcl-4] Executing : report_incremental_reuse -file PUF_incremental_reuse_routed.rpt
INFO: [Vivado_Tcl 4-1062] Incremental flow is disabled. No incremental reuse Info to report.
INFO: [runtcl-4] Executing : report_clock_utilization -file PUF_clock_utilization_routed.rpt
INFO: [runtcl-4] Executing : report_bus_skew -warn_on_violation -file PUF_bus_skew_routed.rpt -pb PUF_bus_skew_routed.pb -rpx PUF_bus_skew_routed.rpx
INFO: [Timing 38-91] UpdateTimingParams: Speed grade: -1, Delay Type: min_max.
INFO: [Timing 38-191] Multithreading enabled for timing update using a maximum of 2 CPUs
Command: write_bitstream -force PUF.bit
Attempting to get a license for feature 'Implementation' and/or device 'xc7z010'
INFO: [Common 17-349] Got license for feature 'Implementation' and/or device 'xc7z010'
Running DRC as a precondition to command write_bitstream
INFO: [IP_Flow 19-1839] IP Catalog is up to date.
INFO: [DRC 23-27] Running DRC with 2 threads
WARNING: [DRC LUTLP-2] Combinatorial Loop Allowed: 8 LUT cells form a combinatorial loop. This can create a race condition. Timing analysis may not be accurate. The preferred resolution is to modify the design to remove combinatorial logic loops. This loop has been identified in the constraints as being known and understood by use of the ALLOW_COMBINATORIAL_LOOPS property on a net in the loop. The cells in the loop are: RO1/w1_inferred_i_1, RO1/w2_inferred_i_1, RO1/w3_inferred_i_1, RO1/w4_inferred_i_1, RO1/w5_inferred_i_1, RO1/w6_inferred_i_1, RO1/w7_inferred_i_1, and RO1/w8_inferred_i_1.
WARNING: [DRC LUTLP-2] Combinatorial Loop Allowed: 8 LUT cells form a combinatorial loop. This can create a race condition. Timing analysis may not be accurate. The preferred resolution is to modify the design to remove combinatorial logic loops. This loop has been identified in the constraints as being known and understood by use of the ALLOW_COMBINATORIAL_LOOPS property on a net in the loop. The cells in the loop are: RO2/w1_inferred_i_1, RO2/w2_inferred_i_1, RO2/w3_inferred_i_1, RO2/w4_inferred_i_1, RO2/w5_inferred_i_1, RO2/w6_inferred_i_1, RO2/w7_inferred_i_1, and RO2/w8_inferred_i_1.
WARNING: [DRC LUTLP-2] Combinatorial Loop Allowed: 8 LUT cells form a combinatorial loop. This can create a race condition. Timing analysis may not be accurate. The preferred resolution is to modify the design to remove combinatorial logic loops. This loop has been identified in the constraints as being known and understood by use of the ALLOW_COMBINATORIAL_LOOPS property on a net in the loop. The cells in the loop are: RO3/w1_inferred_i_1, RO3/w2_inferred_i_1, RO3/w3_inferred_i_1, RO3/w4_inferred_i_1, RO3/w5_inferred_i_1, RO3/w6_inferred_i_1, RO3/w7_inferred_i_1, and RO3/w8_inferred_i_1.
WARNING: [DRC LUTLP-2] Combinatorial Loop Allowed: 8 LUT cells form a combinatorial loop. This can create a race condition. Timing analysis may not be accurate. The preferred resolution is to modify the design to remove combinatorial logic loops. This loop has been identified in the constraints as being known and understood by use of the ALLOW_COMBINATORIAL_LOOPS property on a net in the loop. The cells in the loop are: RO4/w1_inferred_i_1, RO4/w2_inferred_i_1, RO4/w3_inferred_i_1, RO4/w4_inferred_i_1, RO4/w5_inferred_i_1, RO4/w6_inferred_i_1, RO4/w7_inferred_i_1, and RO4/w8_inferred_i_1.
WARNING: [DRC LUTLP-2] Combinatorial Loop Allowed: 8 LUT cells form a combinatorial loop. This can create a race condition. Timing analysis may not be accurate. The preferred resolution is to modify the design to remove combinatorial logic loops. This loop has been identified in the constraints as being known and understood by use of the ALLOW_COMBINATORIAL_LOOPS property on a net in the loop. The cells in the loop are: RO5/w1_inferred_i_1, RO5/w2_inferred_i_1, RO5/w3_inferred_i_1, RO5/w4_inferred_i_1, RO5/w5_inferred_i_1, RO5/w6_inferred_i_1, RO5/w7_inferred_i_1, and RO5/w8_inferred_i_1.
WARNING: [DRC LUTLP-2] Combinatorial Loop Allowed: 8 LUT cells form a combinatorial loop. This can create a race condition. Timing analysis may not be accurate. The preferred resolution is to modify the design to remove combinatorial logic loops. This loop has been identified in the constraints as being known and understood by use of the ALLOW_COMBINATORIAL_LOOPS property on a net in the loop. The cells in the loop are: RO6/w1_inferred_i_1, RO6/w2_inferred_i_1, RO6/w3_inferred_i_1, RO6/w4_inferred_i_1, RO6/w5_inferred_i_1, RO6/w6_inferred_i_1, RO6/w7_inferred_i_1, and RO6/w8_inferred_i_1.
WARNING: [DRC LUTLP-2] Combinatorial Loop Allowed: 8 LUT cells form a combinatorial loop. This can create a race condition. Timing analysis may not be accurate. The preferred resolution is to modify the design to remove combinatorial logic loops. This loop has been identified in the constraints as being known and understood by use of the ALLOW_COMBINATORIAL_LOOPS property on a net in the loop. The cells in the loop are: RO7/w1_inferred_i_1, RO7/w2_inferred_i_1, RO7/w3_inferred_i_1, RO7/w4_inferred_i_1, RO7/w5_inferred_i_1, RO7/w6_inferred_i_1, RO7/w7_inferred_i_1, and RO7/w8_inferred_i_1.
WARNING: [DRC LUTLP-2] Combinatorial Loop Allowed: 8 LUT cells form a combinatorial loop. This can create a race condition. Timing analysis may not be accurate. The preferred resolution is to modify the design to remove combinatorial logic loops. This loop has been identified in the constraints as being known and understood by use of the ALLOW_COMBINATORIAL_LOOPS property on a net in the loop. The cells in the loop are: RO8/w1_inferred_i_1, RO8/w2_inferred_i_1, RO8/w3_inferred_i_1, RO8/w4_inferred_i_1, RO8/w5_inferred_i_1, RO8/w6_inferred_i_1, RO8/w7_inferred_i_1, and RO8/w8_inferred_i_1.
WARNING: [DRC ZPS7-1] PS7 block required: The PS7 cell must be used in this Zynq design in order to enable correct default configuration.
INFO: [Vivado 12-3199] DRC finished with 0 Errors, 9 Warnings
INFO: [Vivado 12-3200] Please refer to the DRC report (report_drc) for more information.
INFO: [Designutils 20-2272] Running write_bitstream with 2 threads.
Loading data files...
Loading site data...
Loading route data...
Processing options...
Creating bitmap...
Creating bitstream...
Writing bitstream ./PUF.bit...
INFO: [Vivado 12-1842] Bitgen Completed Successfully.
INFO: [#UNDEF] WebTalk data collection is mandatory when using a WebPACK part without a full Vivado license. To see the specific WebTalk data collected for your design, open the usage_statistics_webtalk.html or usage_statistics_webtalk.xml file in the implementation directory.
INFO: [Common 17-83] Releasing license: Implementation
12 Infos, 9 Warnings, 0 Critical Warnings and 0 Errors encountered.
write_bitstream completed successfully
write_bitstream: Time (s): cpu = 00:00:06 ; elapsed = 00:00:07 . Memory (MB): peak = 2164.844 ; gain = 424.934
INFO: [Common 17-206] Exiting Vivado at Wed Apr  2 15:37:00 2025...

*** Running vivado
    with args -log PUF.vdi -applog -m64 -product Vivado -messageDb vivado.pb -mode batch -source PUF.tcl -notrace



****** Vivado v2021.1 (64-bit)
  **** SW Build 3247384 on Thu Jun 10 19:36:33 MDT 2021
  **** IP Build 3246043 on Fri Jun 11 00:30:35 MDT 2021
    ** Copyright 1986-2021 Xilinx, Inc. All Rights Reserved.

source PUF.tcl -notrace
Command: open_checkpoint PUF_routed.dcp

Time (s): cpu = 00:00:00 ; elapsed = 00:00:00.027 . Memory (MB): peak = 1125.094 ; gain = 0.000
CRITICAL WARNING: [Board 49-67] The board_part definition was not found for digilentinc.com:zybo-z7-10:part0:1.0. This can happen sometimes when you use custom board part. You can resolve this issue by setting 'board.repoPaths' parameter, pointing to the location of custom board files. Valid board_part values can be retrieved with the 'get_board_parts' Tcl command.
CRITICAL WARNING: [Board 49-67] The board_part definition was not found for digilentinc.com:zybo-z7-10:part0:1.0. This can happen sometimes when you use custom board part. You can resolve this issue by setting 'board.repoPaths' parameter, pointing to the location of custom board files. Valid board_part values can be retrieved with the 'get_board_parts' Tcl command.
INFO: [Device 21-403] Loading part xc7z010clg400-1
Netlist sorting complete. Time (s): cpu = 00:00:00 ; elapsed = 00:00:00.002 . Memory (MB): peak = 1125.094 ; gain = 0.000
INFO: [Netlist 29-17] Analyzing 20 Unisim elements for replacement
INFO: [Netlist 29-28] Unisim Transformation completed in 0 CPU seconds
INFO: [Project 1-479] Netlist was created with Vivado 2021.1
INFO: [Project 1-570] Preparing netlist for logic optimization
INFO: [Timing 38-478] Restoring timing data from binary archive.
INFO: [Timing 38-479] Binary timing data restore complete.
INFO: [Project 1-856] Restoring constraints from binary archive.
INFO: [Project 1-853] Binary constraint restore complete.
Reading XDEF placement.
Reading placer database...
Reading XDEF routing.
Read XDEF File: Time (s): cpu = 00:00:00 ; elapsed = 00:00:00.079 . Memory (MB): peak = 1361.266 ; gain = 9.148
Restored from archive | CPU: 0.000000 secs | Memory: 0.000000 MB |
Finished XDEF File Restore: Time (s): cpu = 00:00:00 ; elapsed = 00:00:00.080 . Memory (MB): peak = 1361.266 ; gain = 9.148
Netlist sorting complete. Time (s): cpu = 00:00:00 ; elapsed = 00:00:00 . Memory (MB): peak = 1361.266 ; gain = 0.000
INFO: [Project 1-111] Unisim Transformation Summary:
No Unisim elements were transformed.

INFO: [Project 1-604] Checkpoint was created with Vivado v2021.1 (64-bit) build 3247384
open_checkpoint: Time (s): cpu = 00:00:08 ; elapsed = 00:00:10 . Memory (MB): peak = 1361.266 ; gain = 236.172
Command: write_bitstream -force PUF.bit
Attempting to get a license for feature 'Implementation' and/or device 'xc7z010'
INFO: [Common 17-349] Got license for feature 'Implementation' and/or device 'xc7z010'
Running DRC as a precondition to command write_bitstream
INFO: [IP_Flow 19-234] Refreshing IP repositories
INFO: [IP_Flow 19-1704] No user IP repositories specified
INFO: [IP_Flow 19-2313] Loaded Vivado IP repository 'C:/Xilinx/Vivado/2021.1/data/ip'.
INFO: [DRC 23-27] Running DRC with 2 threads
WARNING: [DRC LUTLP-2] Combinatorial Loop Allowed: 8 LUT cells form a combinatorial loop. This can create a race condition. Timing analysis may not be accurate. The preferred resolution is to modify the design to remove combinatorial logic loops. This loop has been identified in the constraints as being known and understood by use of the ALLOW_COMBINATORIAL_LOOPS property on a net in the loop. The cells in the loop are: RO1/w1_inferred_i_1, RO1/w2_inferred_i_1, RO1/w3_inferred_i_1, RO1/w4_inferred_i_1, RO1/w5_inferred_i_1, RO1/w6_inferred_i_1, RO1/w7_inferred_i_1, and RO1/w8_inferred_i_1.
WARNING: [DRC LUTLP-2] Combinatorial Loop Allowed: 8 LUT cells form a combinatorial loop. This can create a race condition. Timing analysis may not be accurate. The preferred resolution is to modify the design to remove combinatorial logic loops. This loop has been identified in the constraints as being known and understood by use of the ALLOW_COMBINATORIAL_LOOPS property on a net in the loop. The cells in the loop are: RO2/w1_inferred_i_1, RO2/w2_inferred_i_1, RO2/w3_inferred_i_1, RO2/w4_inferred_i_1, RO2/w5_inferred_i_1, RO2/w6_inferred_i_1, RO2/w7_inferred_i_1, and RO2/w8_inferred_i_1.
WARNING: [DRC LUTLP-2] Combinatorial Loop Allowed: 8 LUT cells form a combinatorial loop. This can create a race condition. Timing analysis may not be accurate. The preferred resolution is to modify the design to remove combinatorial logic loops. This loop has been identified in the constraints as being known and understood by use of the ALLOW_COMBINATORIAL_LOOPS property on a net in the loop. The cells in the loop are: RO3/w1_inferred_i_1, RO3/w2_inferred_i_1, RO3/w3_inferred_i_1, RO3/w4_inferred_i_1, RO3/w5_inferred_i_1, RO3/w6_inferred_i_1, RO3/w7_inferred_i_1, and RO3/w8_inferred_i_1.
WARNING: [DRC LUTLP-2] Combinatorial Loop Allowed: 8 LUT cells form a combinatorial loop. This can create a race condition. Timing analysis may not be accurate. The preferred resolution is to modify the design to remove combinatorial logic loops. This loop has been identified in the constraints as being known and understood by use of the ALLOW_COMBINATORIAL_LOOPS property on a net in the loop. The cells in the loop are: RO4/w1_inferred_i_1, RO4/w2_inferred_i_1, RO4/w3_inferred_i_1, RO4/w4_inferred_i_1, RO4/w5_inferred_i_1, RO4/w6_inferred_i_1, RO4/w7_inferred_i_1, and RO4/w8_inferred_i_1.
WARNING: [DRC LUTLP-2] Combinatorial Loop Allowed: 8 LUT cells form a combinatorial loop. This can create a race condition. Timing analysis may not be accurate. The preferred resolution is to modify the design to remove combinatorial logic loops. This loop has been identified in the constraints as being known and understood by use of the ALLOW_COMBINATORIAL_LOOPS property on a net in the loop. The cells in the loop are: RO5/w1_inferred_i_1, RO5/w2_inferred_i_1, RO5/w3_inferred_i_1, RO5/w4_inferred_i_1, RO5/w5_inferred_i_1, RO5/w6_inferred_i_1, RO5/w7_inferred_i_1, and RO5/w8_inferred_i_1.
WARNING: [DRC LUTLP-2] Combinatorial Loop Allowed: 8 LUT cells form a combinatorial loop. This can create a race condition. Timing analysis may not be accurate. The preferred resolution is to modify the design to remove combinatorial logic loops. This loop has been identified in the constraints as being known and understood by use of the ALLOW_COMBINATORIAL_LOOPS property on a net in the loop. The cells in the loop are: RO6/w1_inferred_i_1, RO6/w2_inferred_i_1, RO6/w3_inferred_i_1, RO6/w4_inferred_i_1, RO6/w5_inferred_i_1, RO6/w6_inferred_i_1, RO6/w7_inferred_i_1, and RO6/w8_inferred_i_1.
WARNING: [DRC LUTLP-2] Combinatorial Loop Allowed: 8 LUT cells form a combinatorial loop. This can create a race condition. Timing analysis may not be accurate. The preferred resolution is to modify the design to remove combinatorial logic loops. This loop has been identified in the constraints as being known and understood by use of the ALLOW_COMBINATORIAL_LOOPS property on a net in the loop. The cells in the loop are: RO7/w1_inferred_i_1, RO7/w2_inferred_i_1, RO7/w3_inferred_i_1, RO7/w4_inferred_i_1, RO7/w5_inferred_i_1, RO7/w6_inferred_i_1, RO7/w7_inferred_i_1, and RO7/w8_inferred_i_1.
WARNING: [DRC LUTLP-2] Combinatorial Loop Allowed: 8 LUT cells form a combinatorial loop. This can create a race condition. Timing analysis may not be accurate. The preferred resolution is to modify the design to remove combinatorial logic loops. This loop has been identified in the constraints as being known and understood by use of the ALLOW_COMBINATORIAL_LOOPS property on a net in the loop. The cells in the loop are: RO8/w1_inferred_i_1, RO8/w2_inferred_i_1, RO8/w3_inferred_i_1, RO8/w4_inferred_i_1, RO8/w5_inferred_i_1, RO8/w6_inferred_i_1, RO8/w7_inferred_i_1, and RO8/w8_inferred_i_1.
WARNING: [DRC ZPS7-1] PS7 block required: The PS7 cell must be used in this Zynq design in order to enable correct default configuration.
INFO: [Vivado 12-3199] DRC finished with 0 Errors, 9 Warnings
INFO: [Vivado 12-3200] Please refer to the DRC report (report_drc) for more information.
INFO: [Designutils 20-2272] Running write_bitstream with 2 threads.
Loading data files...
Loading site data...
Loading route data...
Processing options...
Creating bitmap...
Creating bitstream...
Writing bitstream ./PUF.bit...
INFO: [Vivado 12-1842] Bitgen Completed Successfully.
INFO: [#UNDEF] WebTalk data collection is mandatory when using a WebPACK part without a full Vivado license. To see the specific WebTalk data collected for your design, open the usage_statistics_webtalk.html or usage_statistics_webtalk.xml file in the implementation directory.
INFO: [Common 17-83] Releasing license: Implementation
22 Infos, 9 Warnings, 2 Critical Warnings and 0 Errors encountered.
write_bitstream completed successfully
write_bitstream: Time (s): cpu = 00:00:06 ; elapsed = 00:00:07 . Memory (MB): peak = 1841.285 ; gain = 480.020
INFO: [Common 17-206] Exiting Vivado at Wed Apr  2 16:35:41 2025...
